<?xml version="1.0" encoding="UTF-8"?>
<testsuite name="verdict.VerdictApplicationTests" tests="1" skipped="0" failures="0" errors="0" timestamp="2018-12-07T14:52:28" hostname="DESKTOP-RPSU5H3" time="0.461">
  <properties/>
  <testcase name="contextLoads" classname="verdict.VerdictApplicationTests" time="0.461"/>
  <system-out><![CDATA[09:52:24.318 [Test worker] DEBUG org.springframework.test.context.junit4.SpringJUnit4ClassRunner - SpringJUnit4ClassRunner constructor called with [class verdict.VerdictApplicationTests]
09:52:24.330 [Test worker] DEBUG org.springframework.test.context.BootstrapUtils - Instantiating CacheAwareContextLoaderDelegate from class [org.springframework.test.context.cache.DefaultCacheAwareContextLoaderDelegate]
09:52:24.343 [Test worker] DEBUG org.springframework.test.context.BootstrapUtils - Instantiating BootstrapContext using constructor [public org.springframework.test.context.support.DefaultBootstrapContext(java.lang.Class,org.springframework.test.context.CacheAwareContextLoaderDelegate)]
09:52:24.379 [Test worker] DEBUG org.springframework.test.context.BootstrapUtils - Instantiating TestContextBootstrapper for test class [verdict.VerdictApplicationTests] from class [org.springframework.boot.test.context.SpringBootTestContextBootstrapper]
09:52:24.395 [Test worker] INFO org.springframework.boot.test.context.SpringBootTestContextBootstrapper - Neither @ContextConfiguration nor @ContextHierarchy found for test class [verdict.VerdictApplicationTests], using SpringBootContextLoader
09:52:24.404 [Test worker] DEBUG org.springframework.test.context.support.AbstractContextLoader - Did not detect default resource location for test class [verdict.VerdictApplicationTests]: class path resource [verdict/VerdictApplicationTests-context.xml] does not exist
09:52:24.404 [Test worker] DEBUG org.springframework.test.context.support.AbstractContextLoader - Did not detect default resource location for test class [verdict.VerdictApplicationTests]: class path resource [verdict/VerdictApplicationTestsContext.groovy] does not exist
09:52:24.405 [Test worker] INFO org.springframework.test.context.support.AbstractContextLoader - Could not detect default resource locations for test class [verdict.VerdictApplicationTests]: no resource found for suffixes {-context.xml, Context.groovy}.
09:52:24.406 [Test worker] INFO org.springframework.test.context.support.AnnotationConfigContextLoaderUtils - Could not detect default configuration classes for test class [verdict.VerdictApplicationTests]: VerdictApplicationTests does not declare any static, non-private, non-final, nested classes annotated with @Configuration.
09:52:24.462 [Test worker] DEBUG org.springframework.test.context.support.ActiveProfilesUtils - Could not find an 'annotation declaring class' for annotation type [org.springframework.test.context.ActiveProfiles] and class [verdict.VerdictApplicationTests]
09:52:24.564 [Test worker] DEBUG org.springframework.context.annotation.ClassPathScanningCandidateComponentProvider - Identified candidate component class: file [C:\verdict\build\classes\kotlin\main\verdict\VerdictApplication.class]
09:52:24.569 [Test worker] INFO org.springframework.boot.test.context.SpringBootTestContextBootstrapper - Found @SpringBootConfiguration verdict.VerdictApplication for test class verdict.VerdictApplicationTests
09:52:24.748 [Test worker] DEBUG org.springframework.boot.test.context.SpringBootTestContextBootstrapper - @TestExecutionListeners is not present for class [verdict.VerdictApplicationTests]: using defaults.
09:52:24.748 [Test worker] INFO org.springframework.boot.test.context.SpringBootTestContextBootstrapper - Loaded default TestExecutionListener class names from location [META-INF/spring.factories]: [org.springframework.boot.test.autoconfigure.restdocs.RestDocsTestExecutionListener, org.springframework.boot.test.autoconfigure.web.client.MockRestServiceServerResetTestExecutionListener, org.springframework.boot.test.autoconfigure.web.servlet.MockMvcPrintOnlyOnFailureTestExecutionListener, org.springframework.boot.test.autoconfigure.web.servlet.WebDriverTestExecutionListener, org.springframework.boot.test.mock.mockito.MockitoTestExecutionListener, org.springframework.boot.test.mock.mockito.ResetMocksTestExecutionListener, org.springframework.test.context.web.ServletTestExecutionListener, org.springframework.test.context.support.DirtiesContextBeforeModesTestExecutionListener, org.springframework.test.context.support.DependencyInjectionTestExecutionListener, org.springframework.test.context.support.DirtiesContextTestExecutionListener, org.springframework.test.context.transaction.TransactionalTestExecutionListener, org.springframework.test.context.jdbc.SqlScriptsTestExecutionListener]
09:52:24.769 [Test worker] DEBUG org.springframework.boot.test.context.SpringBootTestContextBootstrapper - Skipping candidate TestExecutionListener [org.springframework.test.context.transaction.TransactionalTestExecutionListener] due to a missing dependency. Specify custom listener classes or make the default listener classes and their required dependencies available. Offending class: [org/springframework/transaction/interceptor/TransactionAttributeSource]
09:52:24.769 [Test worker] DEBUG org.springframework.boot.test.context.SpringBootTestContextBootstrapper - Skipping candidate TestExecutionListener [org.springframework.test.context.jdbc.SqlScriptsTestExecutionListener] due to a missing dependency. Specify custom listener classes or make the default listener classes and their required dependencies available. Offending class: [org/springframework/transaction/interceptor/TransactionAttribute]
09:52:24.769 [Test worker] INFO org.springframework.boot.test.context.SpringBootTestContextBootstrapper - Using TestExecutionListeners: [org.springframework.test.context.web.ServletTestExecutionListener@774b0d03, org.springframework.test.context.support.DirtiesContextBeforeModesTestExecutionListener@68a65e5a, org.springframework.boot.test.mock.mockito.MockitoTestExecutionListener@4d749765, org.springframework.boot.test.autoconfigure.SpringBootDependencyInjectionTestExecutionListener@3a95cc01, org.springframework.test.context.support.DirtiesContextTestExecutionListener@1599fd45, org.springframework.boot.test.autoconfigure.restdocs.RestDocsTestExecutionListener@4f172522, org.springframework.boot.test.autoconfigure.web.client.MockRestServiceServerResetTestExecutionListener@26b14c1a, org.springframework.boot.test.autoconfigure.web.servlet.MockMvcPrintOnlyOnFailureTestExecutionListener@32d06909, org.springframework.boot.test.autoconfigure.web.servlet.WebDriverTestExecutionListener@6879c9c3, org.springframework.boot.test.mock.mockito.ResetMocksTestExecutionListener@1e31dfdb]
09:52:24.773 [Test worker] DEBUG org.springframework.test.annotation.ProfileValueUtils - Retrieved @ProfileValueSourceConfiguration [null] for test class [verdict.VerdictApplicationTests]
09:52:24.774 [Test worker] DEBUG org.springframework.test.annotation.ProfileValueUtils - Retrieved ProfileValueSource type [class org.springframework.test.annotation.SystemProfileValueSource] for class [verdict.VerdictApplicationTests]
09:52:24.775 [Test worker] DEBUG org.springframework.test.annotation.ProfileValueUtils - Retrieved @ProfileValueSourceConfiguration [null] for test class [verdict.VerdictApplicationTests]
09:52:24.775 [Test worker] DEBUG org.springframework.test.annotation.ProfileValueUtils - Retrieved ProfileValueSource type [class org.springframework.test.annotation.SystemProfileValueSource] for class [verdict.VerdictApplicationTests]
09:52:24.780 [Test worker] DEBUG org.springframework.test.context.support.AbstractDirtiesContextTestExecutionListener - Before test class: context [DefaultTestContext@6d94ddca testClass = VerdictApplicationTests, testInstance = [null], testMethod = [null], testException = [null], mergedContextConfiguration = [WebMergedContextConfiguration@5ea081af testClass = VerdictApplicationTests, locations = '{}', classes = '{class verdict.VerdictApplication}', contextInitializerClasses = '[]', activeProfiles = '{}', propertySourceLocations = '{}', propertySourceProperties = '{org.springframework.boot.test.context.SpringBootTestContextBootstrapper=true}', contextCustomizers = set[org.springframework.boot.test.autoconfigure.properties.PropertyMappingContextCustomizer@0, org.springframework.boot.test.autoconfigure.web.servlet.WebDriverContextCustomizerFactory$Customizer@321072db, org.springframework.boot.test.context.filter.ExcludeFilterContextCustomizer@b5dc873, org.springframework.boot.test.json.DuplicateJsonObjectContextCustomizerFactory$DuplicateJsonObjectContextCustomizer@1b3f44ba, org.springframework.boot.test.mock.mockito.MockitoContextCustomizer@0, org.springframework.boot.test.web.client.TestRestTemplateContextCustomizer@79a8fc3b], resourceBasePath = 'src/main/webapp', contextLoader = 'org.springframework.boot.test.context.SpringBootContextLoader', parent = [null]], attributes = map['org.springframework.test.context.web.ServletTestExecutionListener.activateListener' -> true]], class annotated with @DirtiesContext [false] with mode [null].
09:52:24.781 [Test worker] DEBUG org.springframework.test.annotation.ProfileValueUtils - Retrieved @ProfileValueSourceConfiguration [null] for test class [verdict.VerdictApplicationTests]
09:52:24.781 [Test worker] DEBUG org.springframework.test.annotation.ProfileValueUtils - Retrieved ProfileValueSource type [class org.springframework.test.annotation.SystemProfileValueSource] for class [verdict.VerdictApplicationTests]
09:52:24.804 [Test worker] DEBUG org.springframework.test.context.support.TestPropertySourceUtils - Adding inlined properties to environment: {spring.jmx.enabled=false, org.springframework.boot.test.context.SpringBootTestContextBootstrapper=true, server.port=-1}

  .   ____          _            __ _ _
 /\\ / ___'_ __ _ _(_)_ __  __ _ \ \ \ \
( ( )\___ | '_ | '_| | '_ \/ _` | \ \ \ \
 \\/  ___)| |_)| | | | | || (_| |  ) ) ) )
  '  |____| .__|_| |_|_| |_\__, | / / / /
 =========|_|==============|___/=/_/_/_/
 :: Spring Boot ::        (v2.1.0.RELEASE)

2018-12-07 09:52:25.231  INFO 4172 --- [    Test worker] verdict.VerdictApplicationTests          : Starting VerdictApplicationTests on DESKTOP-RPSU5H3 with PID 4172 (started by kench in C:\verdict)
2018-12-07 09:52:25.231  INFO 4172 --- [    Test worker] verdict.VerdictApplicationTests          : No active profile set, falling back to default profiles: default
2018-12-07 09:52:28.024  INFO 4172 --- [    Test worker] o.s.s.concurrent.ThreadPoolTaskExecutor  : Initializing ExecutorService 'applicationTaskExecutor'
2018-12-07 09:52:28.305  INFO 4172 --- [    Test worker] o.s.b.a.w.s.WelcomePageHandlerMapping    : Adding welcome page template: index
2018-12-07 09:52:28.492  INFO 4172 --- [    Test worker] verdict.VerdictApplicationTests          : Started VerdictApplicationTests in 3.684 seconds (JVM running for 6.71)
]]></system-out>
  <system-err><![CDATA[]]></system-err>
</testsuite>
